[debug] [2023-09-19T21:28:52.774Z] ----------------------------------------------------------------------
[debug] [2023-09-19T21:28:52.775Z] Command:       C:\Program Files\nodejs\node.exe C:\Users\JRSra\AppData\Roaming\npm\node_modules\firebase-tools\lib\bin\firebase.js init
[debug] [2023-09-19T21:28:52.776Z] CLI Version:   12.5.4
[debug] [2023-09-19T21:28:52.776Z] Platform:      win32
[debug] [2023-09-19T21:28:52.776Z] Node Version:  v18.18.0
[debug] [2023-09-19T21:28:52.776Z] Time:          Tue Sep 19 2023 17:28:52 GMT-0400 (Eastern Daylight Time)
[debug] [2023-09-19T21:28:52.777Z] ----------------------------------------------------------------------
[debug] 
[debug] [2023-09-19T21:28:52.784Z] > command requires scopes: ["email","openid","https://www.googleapis.com/auth/cloudplatformprojects.readonly","https://www.googleapis.com/auth/firebase","https://www.googleapis.com/auth/cloud-platform"]
[debug] [2023-09-19T21:28:52.785Z] > authorizing via signed-in user (johnnystaley.io@gmail.com)
[info] 
     ######## #### ########  ######## ########     ###     ######  ########
     ##        ##  ##     ## ##       ##     ##  ##   ##  ##       ##
     ######    ##  ########  ######   ########  #########  ######  ######
     ##        ##  ##    ##  ##       ##     ## ##     ##       ## ##
     ##       #### ##     ## ######## ########  ##     ##  ######  ########

You're about to initialize a Firebase project in this directory:

  C:\Users\JRSra\Documents\GitHub\johnnystaley.github.io

[info] 
=== Project Setup
[info] 
[info] First, let's associate this project directory with a Firebase project.
[info] You can create multiple project aliases by running firebase use --add, 
[info] but for now we'll just set up a default project.
[info] 
[debug] [2023-09-19T21:32:40.048Z] >>> [apiv2][query] GET https://firebase.googleapis.com/v1beta1/projects pageSize=100
[debug] [2023-09-19T21:32:40.764Z] <<< [apiv2][status] GET https://firebase.googleapis.com/v1beta1/projects 200
[debug] [2023-09-19T21:32:40.764Z] <<< [apiv2][body] GET https://firebase.googleapis.com/v1beta1/projects [omitted]
[info] i  Using project johnnystaley-fa474 (johnnystaley) 
[info] 
=== Hosting Setup
[info] 
[info] Your public directory is the folder (relative to your project directory) that
[info] will contain Hosting assets to be uploaded with firebase deploy. If you
[info] have a build process for your assets, use your build's output directory.
[info] 
[debug] [2023-09-19T21:38:17.098Z] Error: Path contains invalid characters: C:\Users\JRSra\Documents\GitHub\johnnystaley.github.io\ C:\Users\JRSra\Documents\GitHub\johnnystaley.github.io\JS.Portfolio\public\images
    at checkPath (C:\Users\JRSra\AppData\Roaming\npm\node_modules\firebase-tools\node_modules\fs-extra\lib\mkdirs\utils.js:16:21)
    at module.exports.makeDirSync (C:\Users\JRSra\AppData\Roaming\npm\node_modules\firebase-tools\node_modules\fs-extra\lib\mkdirs\make-dir.js:21:3)
    at Object.createFileSync (C:\Users\JRSra\AppData\Roaming\npm\node_modules\firebase-tools\node_modules\fs-extra\lib\ensure\file.js:59:45)
    at Config.writeProjectFile (C:\Users\JRSra\AppData\Roaming\npm\node_modules\firebase-tools\lib\config.js:152:12)
    at C:\Users\JRSra\AppData\Roaming\npm\node_modules\firebase-tools\lib\config.js:176:22
    at process.processTicksAndRejections (node:internal/process/task_queues:95:5)
    at async doSetup (C:\Users\JRSra\AppData\Roaming\npm\node_modules\firebase-tools\lib\init\features\hosting\index.js:141:13)
    at async init (C:\Users\JRSra\AppData\Roaming\npm\node_modules\firebase-tools\lib\init\index.js:41:9)
[error] 
[error] Error: An unexpected error has occurred.
[debug] [2023-09-19T21:39:17.957Z] ----------------------------------------------------------------------
[debug] [2023-09-19T21:39:17.960Z] Command:       C:\Program Files\nodejs\node.exe C:\Users\JRSra\AppData\Roaming\npm\node_modules\firebase-tools\lib\bin\firebase.js init
[debug] [2023-09-19T21:39:17.960Z] CLI Version:   12.5.4
[debug] [2023-09-19T21:39:17.960Z] Platform:      win32
[debug] [2023-09-19T21:39:17.960Z] Node Version:  v18.18.0
[debug] [2023-09-19T21:39:17.961Z] Time:          Tue Sep 19 2023 17:39:17 GMT-0400 (Eastern Daylight Time)
[debug] [2023-09-19T21:39:17.961Z] ----------------------------------------------------------------------
[debug] 
[debug] [2023-09-19T21:39:17.970Z] > command requires scopes: ["email","openid","https://www.googleapis.com/auth/cloudplatformprojects.readonly","https://www.googleapis.com/auth/firebase","https://www.googleapis.com/auth/cloud-platform"]
[debug] [2023-09-19T21:39:17.970Z] > authorizing via signed-in user (johnnystaley.io@gmail.com)
[info] 
     ######## #### ########  ######## ########     ###     ######  ########
     ##        ##  ##     ## ##       ##     ##  ##   ##  ##       ##
     ######    ##  ########  ######   ########  #########  ######  ######
     ##        ##  ##    ##  ##       ##     ## ##     ##       ## ##
     ##       #### ##     ## ######## ########  ##     ##  ######  ########

You're about to initialize a Firebase project in this directory:

  C:\Users\JRSra\Documents\GitHub\johnnystaley.github.io

[info] 
=== Project Setup
[info] 
[info] First, let's associate this project directory with a Firebase project.
[info] You can create multiple project aliases by running firebase use --add, 
[info] but for now we'll just set up a default project.
[info] 
[debug] [2023-09-19T21:39:32.021Z] >>> [apiv2][query] GET https://firebase.googleapis.com/v1beta1/projects pageSize=100
[debug] [2023-09-19T21:39:32.719Z] <<< [apiv2][status] GET https://firebase.googleapis.com/v1beta1/projects 200
[debug] [2023-09-19T21:39:32.720Z] <<< [apiv2][body] GET https://firebase.googleapis.com/v1beta1/projects [omitted]
[info] i  Using project johnnystaley-fa474 (johnnystaley) 
[info] 
=== Hosting Setup
[info] 
[info] Your public directory is the folder (relative to your project directory) that
[info] will contain Hosting assets to be uploaded with firebase deploy. If you
[info] have a build process for your assets, use your build's output directory.
[info] 
[debug] [2023-09-19T21:40:22.105Z] Error: Path contains invalid characters: C:\Users\JRSra\Documents\GitHub\johnnystaley.github.io\C:\Users\JRSra\Documents\GitHub\johnnystaley.github.io\JS.Portfolio
    at checkPath (C:\Users\JRSra\AppData\Roaming\npm\node_modules\firebase-tools\node_modules\fs-extra\lib\mkdirs\utils.js:16:21)
    at module.exports.makeDirSync (C:\Users\JRSra\AppData\Roaming\npm\node_modules\firebase-tools\node_modules\fs-extra\lib\mkdirs\make-dir.js:21:3)
    at Object.createFileSync (C:\Users\JRSra\AppData\Roaming\npm\node_modules\firebase-tools\node_modules\fs-extra\lib\ensure\file.js:59:45)
    at Config.writeProjectFile (C:\Users\JRSra\AppData\Roaming\npm\node_modules\firebase-tools\lib\config.js:152:12)
    at C:\Users\JRSra\AppData\Roaming\npm\node_modules\firebase-tools\lib\config.js:176:22
    at process.processTicksAndRejections (node:internal/process/task_queues:95:5)
    at async doSetup (C:\Users\JRSra\AppData\Roaming\npm\node_modules\firebase-tools\lib\init\features\hosting\index.js:141:13)
    at async init (C:\Users\JRSra\AppData\Roaming\npm\node_modules\firebase-tools\lib\init\index.js:41:9)
[error] 
[error] Error: An unexpected error has occurred.
